<?xml version="1.0" encoding="UTF-8"?>
<!-- Generated by org.testng.reporters.JUnitReportReporter -->
<testsuite hostname="DESKTOP-7KBB9M5" failures="0" tests="2" name="com.restapi.test.GetAPITest" time="3.036" errors="0" timestamp="2022-05-09T08:59:55 IST" skipped="1">
  <testcase classname="com.restapi.test.GetAPITest" name="getAPITTesting" time="3.036"/>
  <system-out/>
  <testcase classname="com.restapi.test.GetAPITest" name="getAPITTest">
    <skipped/>
  </testcase> <!-- getAPITTest -->
  <system-out/>
</testsuite> <!-- com.restapi.test.GetAPITest -->
